# JRE version: Java(TM) SE Runtime Environment (8.0_91-b14) (build 1.8.0_91-b14)
# Java VM: Java HotSpot(TM) 64-Bit Server VM (25.91-b14 mixed mode windows-amd64 compressed oops)
Heap:
 PSYoungGen      total 672768K, used 68035K [0x00000000d5f80000, 0x0000000100000000, 0x0000000100000000)
  eden space 656896K, 10% used [0x00000000d5f80000,0x00000000da1f0f50,0x00000000fe100000)
  from space 15872K, 0% used [0x00000000fe100000,0x00000000fe100000,0x00000000ff080000)
  to   space 15360K, 0% used [0x00000000ff100000,0x00000000ff100000,0x0000000100000000)
 ParOldGen       total 63488K, used 21590K [0x0000000081e00000, 0x0000000085c00000, 0x00000000d5f80000)
  object space 63488K, 34% used [0x0000000081e00000,0x0000000083315880,0x0000000085c00000)
 Metaspace       used 57042K, capacity 61862K, committed 61952K, reserved 1101824K
  class space    used 7075K, capacity 8622K, committed 8704K, reserved 1048576K
GC Heap History (10 events):
Event: 1588.298 GC heap before
{Heap before GC invocations=41 (full 14):
 PSYoungGen      total 677888K, used 174037K [0x00000000d5f80000, 0x0000000100000000, 0x0000000100000000)
  eden space 667136K, 26% used [0x00000000d5f80000,0x00000000e09755b0,0x00000000feb00000)
  from space 10752K, 0% used [0x00000000ff580000,0x00000000ff580000,0x0000000100000000)
  to   space 10752K, 0% used [0x00000000feb00000,0x00000000feb00000,0x00000000ff580000)
 ParOldGen       total 63488K, used 20523K [0x0000000081e00000, 0x0000000085c00000, 0x00000000d5f80000)
  object space 63488K, 32% used [0x0000000081e00000,0x000000008320ad28,0x0000000085c00000)
 Metaspace       used 50292K, capacity 54908K, committed 55168K, reserved 1097728K
  class space    used 6211K, capacity 7709K, committed 7808K, reserved 1048576K
Event: 1588.301 GC heap after
Heap after GC invocations=41 (full 14):
 PSYoungGen      total 677888K, used 4238K [0x00000000d5f80000, 0x0000000100000000, 0x0000000100000000)
  eden space 667136K, 0% used [0x00000000d5f80000,0x00000000d5f80000,0x00000000feb00000)
  from space 10752K, 39% used [0x00000000feb00000,0x00000000fef23b90,0x00000000ff580000)
  to   space 10240K, 0% used [0x00000000ff600000,0x00000000ff600000,0x0000000100000000)
 ParOldGen       total 63488K, used 20531K [0x0000000081e00000, 0x0000000085c00000, 0x00000000d5f80000)
  object space 63488K, 32% used [0x0000000081e00000,0x000000008320cd28,0x0000000085c00000)
 Metaspace       used 50292K, capacity 54908K, committed 55168K, reserved 1097728K
  class space    used 6211K, capacity 7709K, committed 7808K, reserved 1048576K
}
Event: 1588.302 GC heap before
{Heap before GC invocations=42 (full 15):
 PSYoungGen      total 677888K, used 4238K [0x00000000d5f80000, 0x0000000100000000, 0x0000000100000000)
  eden space 667136K, 0% used [0x00000000d5f80000,0x00000000d5f80000,0x00000000feb00000)
  from space 10752K, 39% used [0x00000000feb00000,0x00000000fef23b90,0x00000000ff580000)
  to   space 10240K, 0% used [0x00000000ff600000,0x00000000ff600000,0x0000000100000000)
 ParOldGen       total 63488K, used 20531K [0x0000000081e00000, 0x0000000085c00000, 0x00000000d5f80000)
  object space 63488K, 32% used [0x0000000081e00000,0x000000008320cd28,0x0000000085c00000)
 Metaspace       used 50292K, capacity 54908K, committed 55168K, reserved 1097728K
  class space    used 6211K, capacity 7709K, committed 7808K, reserved 1048576K
Event: 1588.361 GC heap after
Heap after GC invocations=42 (full 15):
 PSYoungGen      total 677888K, used 0K [0x00000000d5f80000, 0x0000000100000000, 0x0000000100000000)
  eden space 667136K, 0% used [0x00000000d5f80000,0x00000000d5f80000,0x00000000feb00000)
  from space 10752K, 0% used [0x00000000feb00000,0x00000000feb00000,0x00000000ff580000)
  to   space 10240K, 0% used [0x00000000ff600000,0x00000000ff600000,0x0000000100000000)
 ParOldGen       total 63488K, used 20748K [0x0000000081e00000, 0x0000000085c00000, 0x00000000d5f80000)
  object space 63488K, 32% used [0x0000000081e00000,0x0000000083243140,0x0000000085c00000)
 Metaspace       used 50292K, capacity 54908K, committed 55168K, reserved 1097728K
  class space    used 6211K, capacity 7709K, committed 7808K, reserved 1048576K
}
Event: 1817.245 GC heap before
{Heap before GC invocations=43 (full 15):
 PSYoungGen      total 677888K, used 667136K [0x00000000d5f80000, 0x0000000100000000, 0x0000000100000000)
  eden space 667136K, 100% used [0x00000000d5f80000,0x00000000feb00000,0x00000000feb00000)
  from space 10752K, 0% used [0x00000000feb00000,0x00000000feb00000,0x00000000ff580000)
  to   space 10240K, 0% used [0x00000000ff600000,0x00000000ff600000,0x0000000100000000)
 ParOldGen       total 63488K, used 20748K [0x0000000081e00000, 0x0000000085c00000, 0x00000000d5f80000)
  object space 63488K, 32% used [0x0000000081e00000,0x0000000083243140,0x0000000085c00000)
 Metaspace       used 56940K, capacity 61654K, committed 61952K, reserved 1101824K
  class space    used 7059K, capacity 8577K, committed 8704K, reserved 1048576K
Event: 1817.266 GC heap after
Heap after GC invocations=43 (full 15):
 PSYoungGen      total 667136K, used 10211K [0x00000000d5f80000, 0x0000000100000000, 0x0000000100000000)
  eden space 656896K, 0% used [0x00000000d5f80000,0x00000000d5f80000,0x00000000fe100000)
  from space 10240K, 99% used [0x00000000ff600000,0x00000000ffff8fd0,0x0000000100000000)
  to   space 15872K, 0% used [0x00000000fe100000,0x00000000fe100000,0x00000000ff080000)
 ParOldGen       total 63488K, used 32033K [0x0000000081e00000, 0x0000000085c00000, 0x00000000d5f80000)
  object space 63488K, 50% used [0x0000000081e00000,0x0000000083d48400,0x0000000085c00000)
 Metaspace       used 56940K, capacity 61654K, committed 61952K, reserved 1101824K
  class space    used 7059K, capacity 8577K, committed 8704K, reserved 1048576K
}
Event: 1928.986 GC heap before
{Heap before GC invocations=44 (full 15):
 PSYoungGen      total 667136K, used 257520K [0x00000000d5f80000, 0x0000000100000000, 0x0000000100000000)
  eden space 656896K, 37% used [0x00000000d5f80000,0x00000000e5103258,0x00000000fe100000)
  from space 10240K, 99% used [0x00000000ff600000,0x00000000ffff8fd0,0x0000000100000000)
  to   space 15872K, 0% used [0x00000000fe100000,0x00000000fe100000,0x00000000ff080000)
 ParOldGen       total 63488K, used 32033K [0x0000000081e00000, 0x0000000085c00000, 0x00000000d5f80000)
  object space 63488K, 50% used [0x0000000081e00000,0x0000000083d48400,0x0000000085c00000)
 Metaspace       used 56959K, capacity 61742K, committed 61952K, reserved 1101824K
  class space    used 7062K, capacity 8582K, committed 8704K, reserved 1048576K
Event: 1928.990 GC heap after
Heap after GC invocations=44 (full 15):
 PSYoungGen      total 672768K, used 4958K [0x00000000d5f80000, 0x0000000100000000, 0x0000000100000000)
  eden space 656896K, 0% used [0x00000000d5f80000,0x00000000d5f80000,0x00000000fe100000)
  from space 15872K, 31% used [0x00000000fe100000,0x00000000fe5d7b70,0x00000000ff080000)
  to   space 15360K, 0% used [0x00000000ff100000,0x00000000ff100000,0x0000000100000000)
 ParOldGen       total 63488K, used 32041K [0x0000000081e00000, 0x0000000085c00000, 0x00000000d5f80000)
  object space 63488K, 50% used [0x0000000081e00000,0x0000000083d4a400,0x0000000085c00000)
 Metaspace       used 56959K, capacity 61742K, committed 61952K, reserved 1101824K
  class space    used 7062K, capacity 8582K, committed 8704K, reserved 1048576K
}
Event: 1928.990 GC heap before
{Heap before GC invocations=45 (full 16):
 PSYoungGen      total 672768K, used 4958K [0x00000000d5f80000, 0x0000000100000000, 0x0000000100000000)
  eden space 656896K, 0% used [0x00000000d5f80000,0x00000000d5f80000,0x00000000fe100000)
  from space 15872K, 31% used [0x00000000fe100000,0x00000000fe5d7b70,0x00000000ff080000)
  to   space 15360K, 0% used [0x00000000ff100000,0x00000000ff100000,0x0000000100000000)
 ParOldGen       total 63488K, used 32041K [0x0000000081e00000, 0x0000000085c00000, 0x00000000d5f80000)
  object space 63488K, 50% used [0x0000000081e00000,0x0000000083d4a400,0x0000000085c00000)
 Metaspace       used 56959K, capacity 61742K, committed 61952K, reserved 1101824K
  class space    used 7062K, capacity 8582K, committed 8704K, reserved 1048576K
Event: 1929.150 GC heap after
Heap after GC invocations=45 (full 16):
 PSYoungGen      total 672768K, used 0K [0x00000000d5f80000, 0x0000000100000000, 0x0000000100000000)
  eden space 656896K, 0% used [0x00000000d5f80000,0x00000000d5f80000,0x00000000fe100000)
  from space 15872K, 0% used [0x00000000fe100000,0x00000000fe100000,0x00000000ff080000)
  to   space 15360K, 0% used [0x00000000ff100000,0x00000000ff100000,0x0000000100000000)
 ParOldGen       total 63488K, used 21590K [0x0000000081e00000, 0x0000000085c00000, 0x00000000d5f80000)
  object space 63488K, 34% used [0x0000000081e00000,0x0000000083315880,0x0000000085c00000)
 Metaspace       used 56959K, capacity 61742K, committed 61952K, reserved 1101824K
  class space    used 7062K, capacity 8582K, committed 8704K, reserved 1048576K
}

